<?xml version="1.0" encoding="UTF-8"?>
<!-- Generated by org.testng.reporters.JUnitXMLReporter -->
<testsuite hostname="WINCTRL-8EK31GR" name="Command line test" tests="4" failures="0" timestamp="18 Jun 2017 19:50:12 GMT" time="0.028" errors="0">
  <testcase name="m1" time="0.007" classname="com.ual.auto.SeleniumSample.AppTest"/>
  <testcase name="m2" time="0.0" classname="com.ual.auto.SeleniumSample.AppTest"/>
  <testcase name="m3" time="0.0" classname="com.ual.auto.SeleniumSample.AppTest"/>
  <testcase name="m4" time="0.0" classname="com.ual.auto.SeleniumSample.AppTest"/>
</testsuite> <!-- Command line test -->
