<?xml version="1.0" encoding="UTF-8"?>
<testng-results skipped="0" failed="0" total="4" passed="4">
  <reporter-output>
  </reporter-output>
  <suite name="com.ual.auto.SeleniumSample.AppTest" duration-ms="28" started-at="2017-06-18T19:50:12Z" finished-at="2017-06-18T19:50:12Z">
    <groups>
    </groups>
    <test name="Command line test" duration-ms="28" started-at="2017-06-18T19:50:12Z" finished-at="2017-06-18T19:50:12Z">
      <class name="com.ual.auto.SeleniumSample.AppTest">
        <test-method status="PASS" signature="m1()[pri:0, instance:com.ual.auto.SeleniumSample.AppTest@17550481]" name="m1" duration-ms="7" started-at="2017-06-19T01:20:12Z" finished-at="2017-06-19T01:20:12Z">
          <reporter-output>
          </reporter-output>
        </test-method> <!-- m1 -->
        <test-method status="PASS" signature="m2()[pri:0, instance:com.ual.auto.SeleniumSample.AppTest@17550481]" name="m2" duration-ms="0" started-at="2017-06-19T01:20:12Z" finished-at="2017-06-19T01:20:12Z">
          <reporter-output>
          </reporter-output>
        </test-method> <!-- m2 -->
        <test-method status="PASS" signature="m3()[pri:0, instance:com.ual.auto.SeleniumSample.AppTest@17550481]" name="m3" duration-ms="0" started-at="2017-06-19T01:20:12Z" finished-at="2017-06-19T01:20:12Z">
          <reporter-output>
          </reporter-output>
        </test-method> <!-- m3 -->
        <test-method status="PASS" signature="m4()[pri:0, instance:com.ual.auto.SeleniumSample.AppTest@17550481]" name="m4" duration-ms="0" started-at="2017-06-19T01:20:12Z" finished-at="2017-06-19T01:20:12Z">
          <reporter-output>
          </reporter-output>
        </test-method> <!-- m4 -->
      </class> <!-- com.ual.auto.SeleniumSample.AppTest -->
    </test> <!-- Command line test -->
  </suite> <!-- com.ual.auto.SeleniumSample.AppTest -->
</testng-results>
