<?xml version="1.0" encoding="UTF-8" ?>
<testsuite tests="4" failures="0" name="com.ual.auto.SeleniumSample.AppTest" time="0.01" errors="0" skipped="0">
  <properties>
[...]
</properties>
  <testcase classname="com.ual.auto.SeleniumSample.AppTest" name="m1" time="0.01"/>
  <testcase classname="com.ual.auto.SeleniumSample.AppTest" name="m2" time="0"/>
  <testcase classname="com.ual.auto.SeleniumSample.AppTest" name="m3" time="0"/>
  <testcase classname="com.ual.auto.SeleniumSample.AppTest" name="m4" time="0"/>
</testsuite>